<?xml version="1.0" encoding="UTF-8"?>
<!-- Generated by org.testng.reporters.JUnitXMLReporter -->
<testsuite ignored="0" hostname="LAPTOP-2D6L09RD" failures="0" tests="3" name="Test" time="2.604" errors="0" timestamp="2022-10-12T11:51:00 IST">
  <testcase classname="com.kkem.firstauto.AutomateTestNg" name="TC1" time="0.4"/>
  <testcase classname="com.kkem.firstauto.AutomateTestNg" name="TC2" time="0.033"/>
  <testcase classname="com.kkem.firstauto.AutomateTestNg" name="TC3" time="0.148"/>
</testsuite> <!-- Test -->
