<?xml version="1.0" encoding="UTF-8"?>
<!-- Generated by org.testng.reporters.JUnitXMLReporter -->
<testsuite ignored="0" hostname="LAPTOP-2D6L09RD" failures="0" tests="3" name="Default test" time="0.648" errors="0" timestamp="2022-10-12T11:24:00 IST">
  <testcase classname="com.kkem.firstauto.AutomateTestNg" name="TC1" time="0.124"/>
  <testcase classname="com.kkem.firstauto.AutomateTestNg" name="TC2" time="0.03"/>
  <testcase classname="com.kkem.firstauto.AutomateTestNg" name="TC3" time="0.009"/>
</testsuite> <!-- Default test -->
