<?xml version="1.0" encoding="UTF-8"?>
<testng-results ignored="0" total="3" passed="3" failed="0" skipped="0">
  <reporter-output>
  </reporter-output>
  <suite started-at="2022-10-12T11:50:56 IST" name="Suite" finished-at="2022-10-12T11:50:58 IST" duration-ms="2604">
    <groups>
    </groups>
    <test started-at="2022-10-12T11:50:56 IST" name="Test" finished-at="2022-10-12T11:50:58 IST" duration-ms="2604">
      <class name="com.kkem.firstauto.AutomateTestNg">
        <test-method is-config="true" signature="setup()[pri:0, instance:com.kkem.firstauto.AutomateTestNg@71809907]" started-at="2022-10-12T11:49:59 IST" name="setup" finished-at="2022-10-12T11:50:56 IST" duration-ms="56872" status="PASS">
          <reporter-output>
          </reporter-output>
        </test-method> <!-- setup -->
        <test-method is-config="true" signature="login()[pri:0, instance:com.kkem.firstauto.AutomateTestNg@71809907]" started-at="2022-10-12T11:50:57 IST" name="login" finished-at="2022-10-12T11:50:57 IST" duration-ms="23" status="PASS">
          <reporter-output>
          </reporter-output>
        </test-method> <!-- login -->
        <test-method signature="TC1()[pri:0, instance:com.kkem.firstauto.AutomateTestNg@71809907]" started-at="2022-10-12T11:50:58 IST" name="TC1" finished-at="2022-10-12T11:50:58 IST" duration-ms="400" status="PASS">
          <reporter-output>
          </reporter-output>
        </test-method> <!-- TC1 -->
        <test-method is-config="true" signature="logout()[pri:0, instance:com.kkem.firstauto.AutomateTestNg@71809907]" started-at="2022-10-12T11:50:58 IST" name="logout" finished-at="2022-10-12T11:50:58 IST" duration-ms="20" status="PASS">
          <reporter-output>
          </reporter-output>
        </test-method> <!-- logout -->
        <test-method is-config="true" signature="login()[pri:0, instance:com.kkem.firstauto.AutomateTestNg@71809907]" started-at="2022-10-12T11:50:58 IST" name="login" finished-at="2022-10-12T11:50:58 IST" duration-ms="64" status="PASS">
          <reporter-output>
          </reporter-output>
        </test-method> <!-- login -->
        <test-method signature="TC2()[pri:0, instance:com.kkem.firstauto.AutomateTestNg@71809907]" started-at="2022-10-12T11:50:58 IST" name="TC2" finished-at="2022-10-12T11:50:58 IST" duration-ms="33" status="PASS">
          <reporter-output>
          </reporter-output>
        </test-method> <!-- TC2 -->
        <test-method is-config="true" signature="logout()[pri:0, instance:com.kkem.firstauto.AutomateTestNg@71809907]" started-at="2022-10-12T11:50:58 IST" name="logout" finished-at="2022-10-12T11:50:58 IST" duration-ms="3" status="PASS">
          <reporter-output>
          </reporter-output>
        </test-method> <!-- logout -->
        <test-method is-config="true" signature="login()[pri:0, instance:com.kkem.firstauto.AutomateTestNg@71809907]" started-at="2022-10-12T11:50:58 IST" name="login" finished-at="2022-10-12T11:50:58 IST" duration-ms="1" status="PASS">
          <reporter-output>
          </reporter-output>
        </test-method> <!-- login -->
        <test-method signature="TC3()[pri:0, instance:com.kkem.firstauto.AutomateTestNg@71809907]" started-at="2022-10-12T11:50:58 IST" name="TC3" finished-at="2022-10-12T11:50:58 IST" duration-ms="148" status="PASS">
          <reporter-output>
          </reporter-output>
        </test-method> <!-- TC3 -->
        <test-method is-config="true" signature="logout()[pri:0, instance:com.kkem.firstauto.AutomateTestNg@71809907]" started-at="2022-10-12T11:50:58 IST" name="logout" finished-at="2022-10-12T11:50:58 IST" duration-ms="2" status="PASS">
          <reporter-output>
          </reporter-output>
        </test-method> <!-- logout -->
        <test-method is-config="true" signature="tearDown()[pri:0, instance:com.kkem.firstauto.AutomateTestNg@71809907]" started-at="2022-10-12T11:51:01 IST" name="tearDown" finished-at="2022-10-12T11:51:04 IST" duration-ms="3533" status="PASS">
          <reporter-output>
          </reporter-output>
        </test-method> <!-- tearDown -->
      </class> <!-- com.kkem.firstauto.AutomateTestNg -->
    </test> <!-- Test -->
  </suite> <!-- Suite -->
</testng-results>
